Scraper for Martin Fowler
========================================
Discovering posts from 2003 to 2026...
  Year 2026...   Error fetching https://martinfowler.com/tags/2026.html: 404 Client Error: Not Found for url: https://martinfowler.com/tags/2026.html
0 posts
  Year 2025... 25 posts
  Year 2024... 25 posts
  Year 2023... 29 posts
  Year 2022... 6 posts
  Year 2021... 17 posts
  Year 2020... 27 posts
  Year 2019... 15 posts
  Year 2018... 12 posts
  Year 2017... 16 posts
  Year 2016... 22 posts
  Year 2015... 31 posts
  Year 2014... 36 posts
  Year 2013... 59 posts
  Year 2012... 29 posts
  Year 2011... 51 posts
  Year 2010... 26 posts
  Year 2009... 29 posts
  Year 2008... 28 posts
  Year 2007... 36 posts
  Year 2006... 59 posts
  Year 2005... 63 posts
  Year 2004... 95 posts
  Year 2003... 68 posts
Total unique posts discovered: 728
Found 728 total posts
Scraping 397 new posts...
[1/397] Big Data...
  Warning: Could not find content for https://martinfowler.com/articles/bigData/
[2/397] Testing Strategies in a Microservice Architecture...
  Warning: Could not find content for https://martinfowler.com/articles/microservice-testing
[3/397] The Architecture of the Morrison's OrderPad...
  Warning: Could not find content for https://martinfowler.com/articles/orderPad
[4/397] Two Stack CMS...
  Warning: Could not find content for https://martinfowler.com/articles/two-stack-cms
[5/397] infodeck...
  Warning: Could not find content for https://martinfowler.com/articles/workflowsOfRefactoring/
[6/397] Workflows of Refactoring...
  Warning: Could not find content for https://martinfowler.com/articles/workflowsOfRefactoring
[7/397] Schemaless data structures...
  Warning: Could not find content for https://martinfowler.com/articles/schemaless
[8/397] What It's Like to Work at...Thoughtworks...
  Warning: Could not find content for http://www.informit.com/articles/article.aspx?p=2121640
[9/397] The Architecture of Gap Inc's SCMS...
  Warning: Could not find content for https://martinfowler.com/articles/gap-scms-po
[10/397] Eliminating Sales Commissions...
  Warning: Could not find content for https://martinfowler.com/articles/eliminatingSalesCommissions
[11/397] Thinking about Big Data...
  Warning: Could not find content for https://martinfowler.com/articles/bigData
[12/397] Multiple Mobiles...
  Warning: Could not find content for https://martinfowler.com/articles/multiMobile
[13/397] Podcasts...
  Saved: /Users/wesm/code/spicytakes.org/blogs/fowler/posts/2011-08-04-Podcasts.md
[14/397] Semantic Conflict...
  Saved: /Users/wesm/code/spicytakes.org/blogs/fowler/posts/2011-08-04-SemanticConflict.md
[15/397] VersionControlTools...
  Saved: /Users/wesm/code/spicytakes.org/blogs/fowler/posts/2011-08-04-VersionControlTools.md
[16/397] Overloaded Getter Setter...
  Saved: /Users/wesm/code/spicytakes.org/blogs/fowler/posts/2011-08-02-OverloadedGetterSetter.md
[17/397] Frequency Reduces Difficulty...
  Saved: /Users/wesm/code/spicytakes.org/blogs/fowler/posts/2011-07-28-FrequencyReducesDifficulty.md
[18/397] CQRS...
  Saved: /Users/wesm/code/spicytakes.org/blogs/fowler/posts/2011-07-14-CQRS.md
[19/397] Extreme Presentation...
  Saved: /Users/wesm/code/spicytakes.org/blogs/fowler/posts/2011-07-13-ExtremePresentation.md
[20/397] The LMAX Architecture...
  Saved: /Users/wesm/code/spicytakes.org/blogs/fowler/posts/2011-07-12-lmax.md
  Index saved (336 posts)
[21/397] Canon70-300...
  Saved: /Users/wesm/code/spicytakes.org/blogs/fowler/posts/2011-07-11-Canon70-300.md
[22/397] DigitalSLR...
  Saved: /Users/wesm/code/spicytakes.org/blogs/fowler/posts/2011-07-11-DigitalSLR.md
[23/397] Social Networks...
  Saved: /Users/wesm/code/spicytakes.org/blogs/fowler/posts/2011-07-11-SocialNetworks.md
[24/397] Package Customization...
  Saved: /Users/wesm/code/spicytakes.org/blogs/fowler/posts/2011-07-06-PackageCustomization.md
[25/397] UtilityVsStrategicDichotomy...
  Saved: /Users/wesm/code/spicytakes.org/blogs/fowler/posts/2011-07-06-UtilityVsStrategicDichotomy.md
[26/397] H P_ N36 L...
  Saved: /Users/wesm/code/spicytakes.org/blogs/fowler/posts/2011-06-24-HP_N36L.md
[27/397] MediaServer...
  Saved: /Users/wesm/code/spicytakes.org/blogs/fowler/posts/2011-06-24-MediaServer.md
[28/397] Flag Argument...
  Saved: /Users/wesm/code/spicytakes.org/blogs/fowler/posts/2011-06-23-FlagArgument.md
[29/397] Half Size Composition...
  Saved: /Users/wesm/code/spicytakes.org/blogs/fowler/posts/2011-05-13-HalfSizeComposition.md
[30/397] Three Pillars...
  Saved: /Users/wesm/code/spicytakes.org/blogs/fowler/posts/2011-05-11-ThreePillars.md
  Index saved (346 posts)
[31/397] Tolerant Reader...
  Saved: /Users/wesm/code/spicytakes.org/blogs/fowler/posts/2011-05-09-TolerantReader.md
[32/397] Rule Of Tincture...
  Saved: /Users/wesm/code/spicytakes.org/blogs/fowler/posts/2011-05-02-RuleOfTincture.md
[33/397] Cross Platform Mobile...
  Saved: /Users/wesm/code/spicytakes.org/blogs/fowler/posts/2011-04-29-CrossPlatformMobile.md
[34/397] Uml As Notes...
  Saved: /Users/wesm/code/spicytakes.org/blogs/fowler/posts/2011-04-28-UmlAsNotes.md
[35/397] Law Of Demos...
  Saved: /Users/wesm/code/spicytakes.org/blogs/fowler/posts/2011-04-24-LawOfDemos.md
[36/397] Uniform Access Principle...
  Saved: /Users/wesm/code/spicytakes.org/blogs/fowler/posts/2011-04-20-UniformAccessPrinciple.md
[37/397] Savannah Charleston...
  Saved: /Users/wesm/code/spicytakes.org/blogs/fowler/posts/2011-04-14-SavannahCharleston.md
[38/397] Eradicating Non-Determinism in Tests...
  Saved: /Users/wesm/code/spicytakes.org/blogs/fowler/posts/2011-04-14-nonDeterminism.md
[39/397] Agile Signatory...
  Saved: /Users/wesm/code/spicytakes.org/blogs/fowler/posts/2011-03-29-AgileSignatory.md
[40/397] Resource Pool...
  Saved: /Users/wesm/code/spicytakes.org/blogs/fowler/posts/2011-03-29-ResourcePool.md
  Index saved (356 posts)
[41/397] Certification Competence Correlation...
  Saved: /Users/wesm/code/spicytakes.org/blogs/fowler/posts/2011-03-28-CertificationCompetenceCorrelation.md
[42/397] Canon 60D...
  Saved: /Users/wesm/code/spicytakes.org/blogs/fowler/posts/2011-02-22-Canon60D.md
[43/397] Tradable Quality Hypothesis...
  Saved: /Users/wesm/code/spicytakes.org/blogs/fowler/posts/2011-02-21-TradableQualityHypothesis.md
[44/397] Subcutaneous Test...
  Saved: /Users/wesm/code/spicytakes.org/blogs/fowler/posts/2011-02-14-SubcutaneousTest.md
[45/397] Craftmanship And The Crevasse...
  Saved: /Users/wesm/code/spicytakes.org/blogs/fowler/posts/2011-01-19-CraftmanshipAndTheCrevasse.md
[46/397] Cobol Inference...
  Saved: /Users/wesm/code/spicytakes.org/blogs/fowler/posts/2011-01-15-CobolInference.md
[47/397] Contract Test...
  Saved: /Users/wesm/code/spicytakes.org/blogs/fowler/posts/2011-01-12-ContractTest.md
[48/397] TestDouble...
  Saved: /Users/wesm/code/spicytakes.org/blogs/fowler/posts/2011-01-12-TestDouble.md
[49/397] Moving To Nokogiri...
  Saved: /Users/wesm/code/spicytakes.org/blogs/fowler/posts/2011-01-10-MovingToNokogiri.md
[50/397] Andaman Islands...
  Saved: /Users/wesm/code/spicytakes.org/blogs/fowler/posts/2011-01-06-AndamanIslands.md
  Index saved (366 posts)
[51/397] Visual Channel...
  Saved: /Users/wesm/code/spicytakes.org/blogs/fowler/posts/2010-12-06-VisualChannel.md
[52/397] Motion Graphics...
  Saved: /Users/wesm/code/spicytakes.org/blogs/fowler/posts/2010-11-29-MotionGraphics.md
[53/397] Snow Leopard...
  Saved: /Users/wesm/code/spicytakes.org/blogs/fowler/posts/2010-11-09-SnowLeopard.md
[54/397] Feature Flag...
  Saved: /Users/wesm/code/spicytakes.org/blogs/fowler/posts/2010-10-29-FeatureFlag.md
[55/397] Agile Australia 2010...
  Saved: /Users/wesm/code/spicytakes.org/blogs/fowler/posts/2010-09-27-AgileAustralia2010.md
[56/397] Agile2010...
  Saved: /Users/wesm/code/spicytakes.org/blogs/fowler/posts/2010-08-16-Agile2010.md
[57/397] IT Doesn't
  Matter...
  Error fetching http://www.nicholasgcarr.com/articles/matter.html: 404 Client Error: Not Found for url: http://www.nicholasgcarr.com/articles/matter.html
[58/397] Team Room...
  Saved: /Users/wesm/code/spicytakes.org/blogs/fowler/posts/2010-06-14-TeamRoom.md
[59/397] U Pod...
  Saved: /Users/wesm/code/spicytakes.org/blogs/fowler/posts/2010-06-11-UPod.md
[60/397] iPad...
  Saved: /Users/wesm/code/spicytakes.org/blogs/fowler/posts/2010-06-04-iPad.md
  Index saved (375 posts)
[61/397] Canon S90...
  Saved: /Users/wesm/code/spicytakes.org/blogs/fowler/posts/2010-05-05-CanonS90.md
[62/397] Heathrow Hotel...
  Saved: /Users/wesm/code/spicytakes.org/blogs/fowler/posts/2010-05-05-HeathrowHotel.md
[63/397] Semat...
  Saved: /Users/wesm/code/spicytakes.org/blogs/fowler/posts/2010-04-16-Semat.md
[64/397] Amalfi Coast...
  Saved: /Users/wesm/code/spicytakes.org/blogs/fowler/posts/2010-04-15-AmalfiCoast.md
[65/397] Richardson Maturity Model...
  Saved: /Users/wesm/code/spicytakes.org/blogs/fowler/posts/2010-03-18-richardsonMaturityModel.md
[66/397] Vcs Survey...
  Saved: /Users/wesm/code/spicytakes.org/blogs/fowler/posts/2010-03-08-VcsSurvey.md
[67/397] Toyota Failings...
  Saved: /Users/wesm/code/spicytakes.org/blogs/fowler/posts/2010-03-02-ToyotaFailings.md
[68/397] Blue Green Deployment...
  Saved: /Users/wesm/code/spicytakes.org/blogs/fowler/posts/2010-03-01-BlueGreenDeployment.md
[69/397] Conversational Stories...
  Saved: /Users/wesm/code/spicytakes.org/blogs/fowler/posts/2010-02-04-ConversationalStories.md
[70/397] Decreed Stories...
  Saved: /Users/wesm/code/spicytakes.org/blogs/fowler/posts/2010-02-04-DecreedStories.md
  Index saved (385 posts)
[71/397] Talk Notes...
  Saved: /Users/wesm/code/spicytakes.org/blogs/fowler/posts/2009-11-08-TalkNotes.md
[72/397] Technical Debt Quadrant...
  Saved: /Users/wesm/code/spicytakes.org/blogs/fowler/posts/2009-10-14-TechnicalDebtQuadrant.md
[73/397] Self Initializing Fake...
  Saved: /Users/wesm/code/spicytakes.org/blogs/fowler/posts/2009-08-04-SelfInitializingFake.md
[74/397] Software and Obama's Victory...
  Saved: /Users/wesm/code/spicytakes.org/blogs/fowler/posts/2009-07-30-obamaSoftware.md
[75/397] Composed Regex...
  Saved: /Users/wesm/code/spicytakes.org/blogs/fowler/posts/2009-07-24-ComposedRegex.md
[76/397] Two Hard Things...
  Saved: /Users/wesm/code/spicytakes.org/blogs/fowler/posts/2009-07-14-TwoHardThings.md
[77/397] Mercurial Squash Commit...
  Saved: /Users/wesm/code/spicytakes.org/blogs/fowler/posts/2009-07-09-MercurialSquashCommit.md
[78/397] Android...
  Saved: /Users/wesm/code/spicytakes.org/blogs/fowler/posts/2009-07-06-Android.md
[79/397] Request Stream Map...
  Saved: /Users/wesm/code/spicytakes.org/blogs/fowler/posts/2009-07-01-RequestStreamMap.md
[80/397] Illustrative Programming...
  Saved: /Users/wesm/code/spicytakes.org/blogs/fowler/posts/2009-06-30-IllustrativeProgramming.md
  Index saved (395 posts)
[81/397] Ruby at Thoughtworks...
  Saved: /Users/wesm/code/spicytakes.org/blogs/fowler/posts/2009-06-11-rubyAtThoughtworks.md
[82/397] Comparative Values...
  Saved: /Users/wesm/code/spicytakes.org/blogs/fowler/posts/2009-06-05-ComparativeValues.md
[83/397] Dynamic Type Check...
  Saved: /Users/wesm/code/spicytakes.org/blogs/fowler/posts/2009-06-02-DynamicTypeCheck.md
[84/397] Smut On Rails...
  Saved: /Users/wesm/code/spicytakes.org/blogs/fowler/posts/2009-04-30-SmutOnRails.md
[85/397] Intentional Software...
  Saved: /Users/wesm/code/spicytakes.org/blogs/fowler/posts/2009-04-20-IntentionalSoftware.md
[86/397] Lay Programmer...
  Saved: /Users/wesm/code/spicytakes.org/blogs/fowler/posts/2009-04-18-LayProgrammer.md
[87/397] Unforgiven Contract...
  Saved: /Users/wesm/code/spicytakes.org/blogs/fowler/posts/2009-04-18-UnforgivenContract.md
[88/397] Contradictory Observations...
  Saved: /Users/wesm/code/spicytakes.org/blogs/fowler/posts/2009-03-03-ContradictoryObservations.md
[89/397] Nashville Project...
  Saved: /Users/wesm/code/spicytakes.org/blogs/fowler/posts/2009-02-25-NashvilleProject.md
[90/397] Eager Read Derivation...
  Saved: /Users/wesm/code/spicytakes.org/blogs/fowler/posts/2009-02-10-EagerReadDerivation.md
  Index saved (405 posts)
[91/397] Dsl Migration...
  Saved: /Users/wesm/code/spicytakes.org/blogs/fowler/posts/2009-02-04-DslMigration.md
[92/397] Flaccid Scrum...
  Saved: /Users/wesm/code/spicytakes.org/blogs/fowler/posts/2009-01-29-FlaccidScrum.md
[93/397] Rules Engine...
  Saved: /Users/wesm/code/spicytakes.org/blogs/fowler/posts/2009-01-07-RulesEngine.md
[94/397] Dsl Exceptionalism...
  Saved: /Users/wesm/code/spicytakes.org/blogs/fowler/posts/2008-12-22-DslExceptionalism.md
[95/397] DomainSpecificLanguages...
  Saved: /Users/wesm/code/spicytakes.org/blogs/fowler/posts/2008-12-22-DomainSpecificLanguage.md
[96/397] Academic Rotation...
  Saved: /Users/wesm/code/spicytakes.org/blogs/fowler/posts/2008-12-17-AcademicRotation.md
[97/397] Business Readable DSL...
  Saved: /Users/wesm/code/spicytakes.org/blogs/fowler/posts/2008-12-15-BusinessReadableDSL.md
[98/397] Estimated Interest...
  Saved: /Users/wesm/code/spicytakes.org/blogs/fowler/posts/2008-12-10-EstimatedInterest.md
[99/397] Humane Registry...
  Saved: /Users/wesm/code/spicytakes.org/blogs/fowler/posts/2008-12-01-HumaneRegistry.md
[100/397] Service Custodian...
  Saved: /Users/wesm/code/spicytakes.org/blogs/fowler/posts/2008-11-14-ServiceCustodian.md
  Index saved (415 posts)
[101/397] Early Pain...
  Saved: /Users/wesm/code/spicytakes.org/blogs/fowler/posts/2008-11-04-EarlyPain.md
[102/397] Oslo...
  Saved: /Users/wesm/code/spicytakes.org/blogs/fowler/posts/2008-10-28-Oslo.md
[103/397] ModelDrivenSoftwareDevelopment...
  Saved: /Users/wesm/code/spicytakes.org/blogs/fowler/posts/2008-10-28-ModelDrivenSoftwareDevelopment.md
[104/397] Observed Requirement...
  Saved: /Users/wesm/code/spicytakes.org/blogs/fowler/posts/2008-09-16-ObservedRequirement.md
[105/397] Evolutionary S O A...
  Saved: /Users/wesm/code/spicytakes.org/blogs/fowler/posts/2008-09-12-EvolutionarySOA.md
[106/397] DSL Q & A...
  Saved: /Users/wesm/code/spicytakes.org/blogs/fowler/posts/2008-09-09-DslQandA.md
[107/397] Language Workbench...
  Saved: /Users/wesm/code/spicytakes.org/blogs/fowler/posts/2008-09-09-LanguageWorkbench.md
[108/397] MDS and DSL...
  Saved: /Users/wesm/code/spicytakes.org/blogs/fowler/posts/2008-07-14-MDSDandDSL.md
[109/397] Incremental Migration...
  Saved: /Users/wesm/code/spicytakes.org/blogs/fowler/posts/2008-07-07-IncrementalMigration.md
[110/397] Agile Versus Lean...
  Saved: /Users/wesm/code/spicytakes.org/blogs/fowler/posts/2008-06-26-AgileVersusLean.md
  Index saved (425 posts)
[111/397] Segmentation By Freshness...
  Saved: /Users/wesm/code/spicytakes.org/blogs/fowler/posts/2008-06-24-SegmentationByFreshness.md
[112/397] Syntactic Noise...
  Saved: /Users/wesm/code/spicytakes.org/blogs/fowler/posts/2008-06-09-SyntacticNoise.md
[113/397] Parser Fear...
  Saved: /Users/wesm/code/spicytakes.org/blogs/fowler/posts/2008-05-20-ParserFear.md
[114/397] Schools Of Software Development...
  Saved: /Users/wesm/code/spicytakes.org/blogs/fowler/posts/2008-04-12-SchoolsOfSoftwareDevelopment.md
[115/397] Cheaper Talent Hypothesis...
  Saved: /Users/wesm/code/spicytakes.org/blogs/fowler/posts/2008-02-08-CheaperTalentHypothesis.md
[116/397] CannotMeasureProductivity...
  Saved: /Users/wesm/code/spicytakes.org/blogs/fowler/posts/2008-02-08-CannotMeasureProductivity.md
[117/397] Source Editing...
  Saved: /Users/wesm/code/spicytakes.org/blogs/fowler/posts/2008-01-22-SourceEditing.md
[118/397] ProjectionalEditing...
  Saved: /Users/wesm/code/spicytakes.org/blogs/fowler/posts/2008-01-22-ProjectionalEditing.md
[119/397] Prefer Design Skills...
  Saved: /Users/wesm/code/spicytakes.org/blogs/fowler/posts/2008-01-17-PreferDesignSkills.md
[120/397] Test Cancer...
  Saved: /Users/wesm/code/spicytakes.org/blogs/fowler/posts/2007-12-06-TestCancer.md
  Index saved (435 posts)
[121/397] Book Code...
  Saved: /Users/wesm/code/spicytakes.org/blogs/fowler/posts/2007-12-04-BookCode.md
[122/397] Groovy or JRuby...
  Saved: /Users/wesm/code/spicytakes.org/blogs/fowler/posts/2007-11-28-GroovyOrJRuby.md
[123/397] Alt.NET Conf...
  Saved: /Users/wesm/code/spicytakes.org/blogs/fowler/posts/2007-10-09-AltNetConf.md
[124/397] No Silver Bullet Reloaded...
  Saved: /Users/wesm/code/spicytakes.org/blogs/fowler/posts/2007-01-01-No-Silver-Bullet-Summary.md
[125/397] Roller Skate Implementation...
  Saved: /Users/wesm/code/spicytakes.org/blogs/fowler/posts/2007-09-09-RollerSkateImplementation.md
[126/397] Time Zone Uncertainty...
  Saved: /Users/wesm/code/spicytakes.org/blogs/fowler/posts/2007-09-06-TimeZoneUncertainty.md
[127/397] Customer Loyalty Software...
  Saved: /Users/wesm/code/spicytakes.org/blogs/fowler/posts/2007-09-04-CustomerLoyaltySoftware.md
[128/397] Is Changing Interfaces Refactoring...
  Saved: /Users/wesm/code/spicytakes.org/blogs/fowler/posts/2007-09-02-IsChangingInterfacesRefactoring.md
[129/397] Design Payoff Line...
  Saved: /Users/wesm/code/spicytakes.org/blogs/fowler/posts/2007-08-27-DesignPayoffLine.md
[130/397] DesignStaminaHypothesis...
  Saved: /Users/wesm/code/spicytakes.org/blogs/fowler/posts/2007-08-27-DesignStaminaHypothesis.md
  Index saved (445 posts)
[131/397] One Language...
  Saved: /Users/wesm/code/spicytakes.org/blogs/fowler/posts/2007-07-28-OneLanguage.md
[132/397] Ui Patterns Readings...
  Saved: /Users/wesm/code/spicytakes.org/blogs/fowler/posts/2007-07-12-UiPatternsReadings.md
[133/397] Duplex Book...
  Saved: /Users/wesm/code/spicytakes.org/blogs/fowler/posts/2007-06-13-DuplexBook.md
[134/397] Ruby Microsoft...
  Saved: /Users/wesm/code/spicytakes.org/blogs/fowler/posts/2007-05-30-RubyMicrosoft.md
[135/397] RailsConf2007...
  Saved: /Users/wesm/code/spicytakes.org/blogs/fowler/posts/2007-05-30-RailsConf2007.md
[136/397] Hello Racc...
  Saved: /Users/wesm/code/spicytakes.org/blogs/fowler/posts/2007-05-30-HelloRacc.md
[137/397] HelloCup...
  Saved: /Users/wesm/code/spicytakes.org/blogs/fowler/posts/2007-05-30-HelloCup.md
[138/397] Alpha Geek...
  Saved: /Users/wesm/code/spicytakes.org/blogs/fowler/posts/2007-05-30-AlphaGeek.md
[139/397] HelloAntlr...
  Saved: /Users/wesm/code/spicytakes.org/blogs/fowler/posts/2007-05-13-HelloAntlr.md
[140/397] HelloSablecc...
  Saved: /Users/wesm/code/spicytakes.org/blogs/fowler/posts/2007-05-13-HelloSablecc.md
  Index saved (455 posts)
[141/397] Translations...
  Saved: /Users/wesm/code/spicytakes.org/blogs/fowler/posts/2007-05-10-Translations.md
[142/397] Output Build Target...
  Saved: /Users/wesm/code/spicytakes.org/blogs/fowler/posts/2007-04-26-OutputBuildTarget.md
[143/397] Touch File...
  Saved: /Users/wesm/code/spicytakes.org/blogs/fowler/posts/2007-04-26-TouchFile.md
[144/397] Pending Head...
  Saved: /Users/wesm/code/spicytakes.org/blogs/fowler/posts/2007-04-26-PendingHead.md
[145/397] Flexible Antlr Generation...
  Saved: /Users/wesm/code/spicytakes.org/blogs/fowler/posts/2007-04-17-FlexibleAntlrGeneration.md
[146/397] Net Nastiness...
  Saved: /Users/wesm/code/spicytakes.org/blogs/fowler/posts/2007-04-03-NetNastiness.md
[147/397] Embedment Helper...
  Saved: /Users/wesm/code/spicytakes.org/blogs/fowler/posts/2007-03-26-EmbedmentHelper.md
[148/397] Transactionless...
  Saved: /Users/wesm/code/spicytakes.org/blogs/fowler/posts/2007-03-18-Transactionless.md
[149/397] JRuby Velocity...
  Saved: /Users/wesm/code/spicytakes.org/blogs/fowler/posts/2007-01-19-JRubyVelocity.md
[150/397] Type Instance Homonym...
  Saved: /Users/wesm/code/spicytakes.org/blogs/fowler/posts/2007-01-11-TypeInstanceHomonym.md
  Index saved (465 posts)
[151/397] Class Instance Variable...
  Saved: /Users/wesm/code/spicytakes.org/blogs/fowler/posts/2007-01-09-ClassInstanceVariable.md
[152/397] Atom Feeds...
  Saved: /Users/wesm/code/spicytakes.org/blogs/fowler/posts/2007-01-02-AtomFeeds.md
[153/397] Mocks Aren't Stubs...
  Saved: /Users/wesm/code/spicytakes.org/blogs/fowler/posts/2007-01-02-mocksArentStubs.md
[154/397] Standards Speak...
  Saved: /Users/wesm/code/spicytakes.org/blogs/fowler/posts/2006-12-27-StandardsSpeak.md
[155/397] Role Interface...
  Saved: /Users/wesm/code/spicytakes.org/blogs/fowler/posts/2006-12-22-RoleInterface.md
[156/397] HeaderInterface...
  Saved: /Users/wesm/code/spicytakes.org/blogs/fowler/posts/2006-12-22-HeaderInterface.md
[157/397] JRake...
  Saved: /Users/wesm/code/spicytakes.org/blogs/fowler/posts/2006-12-18-JRake.md
[158/397] Big Screen...
  Saved: /Users/wesm/code/spicytakes.org/blogs/fowler/posts/2006-12-16-BigScreen.md
[159/397] Web2.0...
  Saved: /Users/wesm/code/spicytakes.org/blogs/fowler/posts/2006-12-14-Web2.0.md
[160/397] Neologism...
  Saved: /Users/wesm/code/spicytakes.org/blogs/fowler/posts/2006-12-14-Neologism.md
  Index saved (475 posts)
[161/397] Semantic Diffusion...
  Saved: /Users/wesm/code/spicytakes.org/blogs/fowler/posts/2006-12-14-SemanticDiffusion.md
[162/397] Feature Devotion...
  Saved: /Users/wesm/code/spicytakes.org/blogs/fowler/posts/2006-11-02-FeatureDevotion.md
[163/397] Pair Programming Misconceptions...
  Saved: /Users/wesm/code/spicytakes.org/blogs/fowler/posts/2006-10-31-PairProgrammingMisconceptions.md
[164/397] Ubiquitous Language...
  Saved: /Users/wesm/code/spicytakes.org/blogs/fowler/posts/2006-10-31-UbiquitousLanguage.md
[165/397] Ruby Annotations...
  Saved: /Users/wesm/code/spicytakes.org/blogs/fowler/posts/2006-10-26-RubyAnnotations.md
[166/397] Internal Dsl Style...
  Saved: /Users/wesm/code/spicytakes.org/blogs/fowler/posts/2006-10-24-InternalDslStyle.md
[167/397] Object Mother...
  Saved: /Users/wesm/code/spicytakes.org/blogs/fowler/posts/2006-10-24-ObjectMother.md
[168/397] Improvement Ravine...
  Saved: /Users/wesm/code/spicytakes.org/blogs/fowler/posts/2006-10-18-ImprovementRavine.md
[169/397] Designed Inheritance...
  Saved: /Users/wesm/code/spicytakes.org/blogs/fowler/posts/2006-10-06-DesignedInheritance.md
[170/397] OpenInheritance...
  Saved: /Users/wesm/code/spicytakes.org/blogs/fowler/posts/2006-10-06-OpenInheritance.md
  Index saved (485 posts)
[171/397] Seal...
  Saved: /Users/wesm/code/spicytakes.org/blogs/fowler/posts/2006-10-06-Seal.md
[172/397] Agile Imposition...
  Saved: /Users/wesm/code/spicytakes.org/blogs/fowler/posts/2006-10-02-AgileImposition.md
[173/397] have
	“crossed the chasm”...
  Saved: /Users/wesm/code/spicytakes.org/blogs/fowler/posts/2006-10-02-agile-alliance-survey-2006.md
[174/397] Voting Machines...
  Saved: /Users/wesm/code/spicytakes.org/blogs/fowler/posts/2006-09-19-VotingMachines.md
[175/397] Pervasive Versioning...
  Saved: /Users/wesm/code/spicytakes.org/blogs/fowler/posts/2006-08-21-PervasiveVersioning.md
[176/397] Subversion...
  Saved: /Users/wesm/code/spicytakes.org/blogs/fowler/posts/2006-08-21-Subversion.md
[177/397] MoreVersionControl...
  Saved: /Users/wesm/code/spicytakes.org/blogs/fowler/posts/2006-08-21-MoreVersionControl.md
[178/397] Extemporary Speaking...
  Saved: /Users/wesm/code/spicytakes.org/blogs/fowler/posts/2006-08-18-ExtemporarySpeaking.md
[179/397] Dsl Boundary...
  Saved: /Users/wesm/code/spicytakes.org/blogs/fowler/posts/2006-08-01-DslBoundary.md
[180/397] Writing Software Patterns...
  Saved: /Users/wesm/code/spicytakes.org/blogs/fowler/posts/2006-08-01-writingPatterns.md
  Index saved (495 posts)
[181/397] Customer Affinity...
  Saved: /Users/wesm/code/spicytakes.org/blogs/fowler/posts/2006-07-28-CustomerAffinity.md
[182/397] Using an Agile Software Process with Offshore
Deve...
  Saved: /Users/wesm/code/spicytakes.org/blogs/fowler/posts/2006-07-18-agileOffshore.md
[183/397] Enterprise Rails...
  Saved: /Users/wesm/code/spicytakes.org/blogs/fowler/posts/2006-07-11-EnterpriseRails.md
[184/397] Writing The Agile Manifesto...
  Saved: /Users/wesm/code/spicytakes.org/blogs/fowler/posts/2006-07-09-agileStory.md
[185/397] Buildix...
  Saved: /Users/wesm/code/spicytakes.org/blogs/fowler/posts/2006-07-07-Buildix.md
[186/397] Agile Manifesto Meeting...
  Saved: /Users/wesm/code/spicytakes.org/blogs/fowler/posts/2006-07-05-AgileManifestoMeeting.md
[187/397] Ruby Ploticus...
  Saved: /Users/wesm/code/spicytakes.org/blogs/fowler/posts/2006-06-19-RubyPloticus.md
[188/397] EvaluatingRuby...
  Saved: /Users/wesm/code/spicytakes.org/blogs/fowler/posts/2006-06-19-EvaluatingRuby.md
[189/397] Wikipedia Death...
  Saved: /Users/wesm/code/spicytakes.org/blogs/fowler/posts/2006-06-19-WikipediaDeath.md
[190/397] Consumer-Driven Contracts: A Service Evolution
	Pa...
  Saved: /Users/wesm/code/spicytakes.org/blogs/fowler/posts/2006-06-12-consumerDrivenContracts.md
  Index saved (505 posts)
[191/397] Hot Rod...
  Saved: /Users/wesm/code/spicytakes.org/blogs/fowler/posts/2006-05-22-HotRod.md
[192/397] Flooded...
  Saved: /Users/wesm/code/spicytakes.org/blogs/fowler/posts/2006-05-22-Flooded.md
[193/397] Squeezebox...
  Saved: /Users/wesm/code/spicytakes.org/blogs/fowler/posts/2006-05-21-Squeezebox.md
[194/397] Shifting To Code Ownership...
  Saved: /Users/wesm/code/spicytakes.org/blogs/fowler/posts/2006-05-15-ShiftingToCodeOwnership.md
[195/397] CodeOwnership...
  Saved: /Users/wesm/code/spicytakes.org/blogs/fowler/posts/2006-05-15-CodeOwnership.md
[196/397] Thoughtworks UK...
  Saved: /Users/wesm/code/spicytakes.org/blogs/fowler/posts/2006-02-27-ThoughtWorksUK.md
[197/397] Getter Eradicator...
  Saved: /Users/wesm/code/spicytakes.org/blogs/fowler/posts/2006-02-22-GetterEradicator.md
[198/397] Code Smell...
  Saved: /Users/wesm/code/spicytakes.org/blogs/fowler/posts/2006-02-09-CodeSmell.md
[199/397] Setter Initialization...
  Saved: /Users/wesm/code/spicytakes.org/blogs/fowler/posts/2006-02-09-SetterInitialization.md
[200/397] ConstructorInitialization...
  Saved: /Users/wesm/code/spicytakes.org/blogs/fowler/posts/2006-02-09-ConstructorInitialization.md
  Index saved (515 posts)
[201/397] Pedestal Phobia...
  Saved: /Users/wesm/code/spicytakes.org/blogs/fowler/posts/2006-02-07-PedestalPhobia.md
[202/397] Xunit...
  Saved: /Users/wesm/code/spicytakes.org/blogs/fowler/posts/2006-01-17-Xunit.md
[203/397] Test Invariant...
  Saved: /Users/wesm/code/spicytakes.org/blogs/fowler/posts/2006-01-05-TestInvariant.md
[204/397] Observable State...
  Saved: /Users/wesm/code/spicytakes.org/blogs/fowler/posts/2006-01-05-ObservableState.md
[205/397] Data Clump...
  Saved: /Users/wesm/code/spicytakes.org/blogs/fowler/posts/2006-01-05-DataClump.md
[206/397] Implicit Interface Implementation...
  Saved: /Users/wesm/code/spicytakes.org/blogs/fowler/posts/2006-01-04-ImplicitInterfaceImplementation.md
[207/397] Event Poster...
  Saved: /Users/wesm/code/spicytakes.org/blogs/fowler/posts/2005-12-30-EventPoster.md
[208/397] Music2005...
  Saved: /Users/wesm/code/spicytakes.org/blogs/fowler/posts/2005-12-21-Music2005.md
[209/397] Slimp3...
  Saved: /Users/wesm/code/spicytakes.org/blogs/fowler/posts/2005-12-21-Slimp3.md
[210/397] Duck Interface...
  Saved: /Users/wesm/code/spicytakes.org/blogs/fowler/posts/2005-12-21-DuckInterface.md
  Index saved (525 posts)
[211/397] HumaneInterface...
  Saved: /Users/wesm/code/spicytakes.org/blogs/fowler/posts/2005-12-21-HumaneInterface.md
[212/397] Travel Clothing...
  Saved: /Users/wesm/code/spicytakes.org/blogs/fowler/posts/2005-12-20-TravelClothing.md
[213/397] Evans Classification...
  Saved: /Users/wesm/code/spicytakes.org/blogs/fowler/posts/2005-12-14-EvansClassification.md
[214/397] Interface Implementation Pair...
  Saved: /Users/wesm/code/spicytakes.org/blogs/fowler/posts/2005-12-08-InterfaceImplementationPair.md
[215/397] Contextual Validation...
  Saved: /Users/wesm/code/spicytakes.org/blogs/fowler/posts/2005-12-07-ContextualValidation.md
[216/397] MinimalInterface...
  Saved: /Users/wesm/code/spicytakes.org/blogs/fowler/posts/2005-12-05-MinimalInterface.md
[217/397] Command Query Separation...
  Saved: /Users/wesm/code/spicytakes.org/blogs/fowler/posts/2005-12-05-CommandQuerySeparation.md
[218/397] Lazy Initialization...
  Saved: /Users/wesm/code/spicytakes.org/blogs/fowler/posts/2005-12-05-LazyInitialization.md
[219/397] John Vlissides...
  Saved: /Users/wesm/code/spicytakes.org/blogs/fowler/posts/2005-11-28-JohnVlissides.md
[220/397] In Memory Test Database...
  Saved: /Users/wesm/code/spicytakes.org/blogs/fowler/posts/2005-11-22-InMemoryTestDatabase.md
  Index saved (535 posts)
[221/397] Smalltalk Books...
  Saved: /Users/wesm/code/spicytakes.org/blogs/fowler/posts/2005-10-26-SmalltalkBooks.md
[222/397] JAOO 2005...
  Saved: /Users/wesm/code/spicytakes.org/blogs/fowler/posts/2005-10-24-JAOO2005.md
[223/397] OOPSLA 2005...
  Saved: /Users/wesm/code/spicytakes.org/blogs/fowler/posts/2005-10-24-OOPSLA2005.md
[224/397] Post Modern Programming...
  Saved: /Users/wesm/code/spicytakes.org/blogs/fowler/posts/2005-10-24-PostModernProgramming.md
[225/397] Five Pound Bag...
  Saved: /Users/wesm/code/spicytakes.org/blogs/fowler/posts/2005-10-13-FivePoundBag.md
[226/397] Anecdotal Evidence...
  Saved: /Users/wesm/code/spicytakes.org/blogs/fowler/posts/2005-10-09-AnecdotalEvidence.md
[227/397] Thoughtworks China...
  Saved: /Users/wesm/code/spicytakes.org/blogs/fowler/posts/2005-10-08-ThoughtWorksChina.md
[228/397] RoysSocialExperiment...
  Saved: /Users/wesm/code/spicytakes.org/blogs/fowler/posts/2005-10-08-RoysSocialExperiment.md
[229/397] Ruby People...
  Saved: /Users/wesm/code/spicytakes.org/blogs/fowler/posts/2005-09-25-RubyPeople.md
[230/397] Open Space...
  Saved: /Users/wesm/code/spicytakes.org/blogs/fowler/posts/2005-08-24-OpenSpace.md
  Index saved (545 posts)
[231/397] Refactoring Photran...
  Saved: /Users/wesm/code/spicytakes.org/blogs/fowler/posts/2005-08-24-RefactoringPhotran.md
[232/397] Annotation...
  Saved: /Users/wesm/code/spicytakes.org/blogs/fowler/posts/2005-08-12-Annotation.md
[233/397] Call Super...
  Saved: /Users/wesm/code/spicytakes.org/blogs/fowler/posts/2005-08-11-CallSuper.md
[234/397] Leadership Divide...
  Saved: /Users/wesm/code/spicytakes.org/blogs/fowler/posts/2005-08-03-LeadershipDivide.md
[235/397] Service Oriented Ambiguity...
  Saved: /Users/wesm/code/spicytakes.org/blogs/fowler/posts/2005-07-01-ServiceOrientedAmbiguity.md
[236/397] Inversion Of Control...
  Saved: /Users/wesm/code/spicytakes.org/blogs/fowler/posts/2005-06-26-InversionOfControl.md
[237/397] Hollywood Principle...
  Saved: /Users/wesm/code/spicytakes.org/blogs/fowler/posts/2005-06-25-HollywoodPrinciple.md
[238/397] Language Workbench Readings...
  Saved: /Users/wesm/code/spicytakes.org/blogs/fowler/posts/2005-06-19-LanguageWorkbenchReadings.md
[239/397] Language Workbenches...
  Saved: /Users/wesm/code/spicytakes.org/blogs/fowler/posts/2005-06-19-languageWorkbench.md
[240/397] A Language Workbench in Action - MPS...
  Saved: /Users/wesm/code/spicytakes.org/blogs/fowler/posts/2005-06-12-mpsAgree.md
  Index saved (555 posts)
[241/397] Language Workbenches and Model Driven Architecture...
  Saved: /Users/wesm/code/spicytakes.org/blogs/fowler/posts/2005-06-12-mdaLanguageWorkbench.md
[242/397] Generating Code for DSLs...
  Saved: /Users/wesm/code/spicytakes.org/blogs/fowler/posts/2005-06-12-codeGenDsl.md
[243/397] Rigorous Agile...
  Saved: /Users/wesm/code/spicytakes.org/blogs/fowler/posts/2005-05-29-RigorousAgile.md
[244/397] Post-IntelliJ...
  Saved: /Users/wesm/code/spicytakes.org/blogs/fowler/posts/2005-05-23-PostIntelliJ.md
[245/397] Erratic Test Failure...
  Saved: /Users/wesm/code/spicytakes.org/blogs/fowler/posts/2005-03-28-ErraticTestFailure.md
[246/397] Clock Wrapper...
  Saved: /Users/wesm/code/spicytakes.org/blogs/fowler/posts/2005-03-26-ClockWrapper.md
[247/397] Code As Documentation...
  Saved: /Users/wesm/code/spicytakes.org/blogs/fowler/posts/2005-03-22-CodeAsDocumentation.md
[248/397] People Matter Most...
  Saved: /Users/wesm/code/spicytakes.org/blogs/fowler/posts/2005-03-21-PeopleMatterMost.md
[249/397] Open Source Research...
  Saved: /Users/wesm/code/spicytakes.org/blogs/fowler/posts/2005-03-20-OpenSourceResearch.md
[250/397] Detestable...
  Saved: /Users/wesm/code/spicytakes.org/blogs/fowler/posts/2005-03-16-Detestable.md
  Index saved (565 posts)
[251/397] Dynamic Typing...
  Saved: /Users/wesm/code/spicytakes.org/blogs/fowler/posts/2005-03-14-DynamicTyping.md
[252/397] Rss Feeds...
  Saved: /Users/wesm/code/spicytakes.org/blogs/fowler/posts/2005-03-11-RssFeeds.md
[253/397] Developing Patterns in Enterprise Software...
  Saved: /Users/wesm/code/spicytakes.org/blogs/fowler/posts/2005-03-11-enterprisePatterns.md
[254/397] Uml Activity Diagram...
  Saved: /Users/wesm/code/spicytakes.org/blogs/fowler/posts/2005-03-08-UmlActivityDiagram.md
[255/397] Catastrophic Failover...
  Saved: /Users/wesm/code/spicytakes.org/blogs/fowler/posts/2005-03-07-CatastrophicFailover.md
[256/397] Abundant Mutation...
  Saved: /Users/wesm/code/spicytakes.org/blogs/fowler/posts/2005-02-14-AbundantMutation.md
[257/397] evolutionary

design...
  Saved: /Users/wesm/code/spicytakes.org/blogs/fowler/posts/2005-02-14-designDead.html#PlannedAndEvolutionaryDesign.md
[258/397] Pattern Share...
  Saved: /Users/wesm/code/spicytakes.org/blogs/fowler/posts/2005-02-05-PatternShare.md
[259/397] Ball And Socket...
  Saved: /Users/wesm/code/spicytakes.org/blogs/fowler/posts/2005-02-03-BallAndSocket.md
[260/397] Rotation...
  Saved: /Users/wesm/code/spicytakes.org/blogs/fowler/posts/2005-02-03-Rotation.md
  Index saved (575 posts)
[261/397] Dot Voting...
  Saved: /Users/wesm/code/spicytakes.org/blogs/fowler/posts/2005-01-17-DotVoting.md
[262/397] Thoughtworks 2005...
  Saved: /Users/wesm/code/spicytakes.org/blogs/fowler/posts/2005-01-12-ThoughtWorks2005.md
[263/397] Layering Principles...
  Saved: /Users/wesm/code/spicytakes.org/blogs/fowler/posts/2005-01-07-LayeringPrinciples.md
[264/397] Spreading Incrementalism...
  Saved: /Users/wesm/code/spicytakes.org/blogs/fowler/posts/2005-01-05-SpreadingIncrementalism.md
[265/397] Metaphoric Questioning...
  Saved: /Users/wesm/code/spicytakes.org/blogs/fowler/posts/2004-12-16-MetaphoricQuestioning.md
[266/397] Dominica...
  Saved: /Users/wesm/code/spicytakes.org/blogs/fowler/posts/2004-12-06-Dominica.md
[267/397] Semantic Diff...
  Saved: /Users/wesm/code/spicytakes.org/blogs/fowler/posts/2004-12-06-SemanticDiff.md
[268/397] Meta Programming System...
  Saved: /Users/wesm/code/spicytakes.org/blogs/fowler/posts/2004-11-21-MetaProgrammingSystem.md
[269/397] OOPSLA 2004...
  Saved: /Users/wesm/code/spicytakes.org/blogs/fowler/posts/2004-11-03-OOPSLA2004.md
[270/397] First Law...
  Saved: /Users/wesm/code/spicytakes.org/blogs/fowler/posts/2004-11-01-FirstLaw.md
  Index saved (585 posts)
[271/397] Scope Limbering...
  Saved: /Users/wesm/code/spicytakes.org/blogs/fowler/posts/2004-10-27-ScopeLimbering.md
[272/397] FixedPrice...
  Saved: /Users/wesm/code/spicytakes.org/blogs/fowler/posts/2004-10-27-FixedPrice.md
[273/397] FixedScopeMirage...
  Saved: /Users/wesm/code/spicytakes.org/blogs/fowler/posts/2004-10-27-FixedScopeMirage.md
[274/397] Local D T O...
  Saved: /Users/wesm/code/spicytakes.org/blogs/fowler/posts/2004-10-21-LocalDTO.md
[275/397] Static Substitution...
  Saved: /Users/wesm/code/spicytakes.org/blogs/fowler/posts/2004-10-20-StaticSubstitution.md
[276/397] Debian Java...
  Saved: /Users/wesm/code/spicytakes.org/blogs/fowler/posts/2004-10-01-DebianJava.md
[277/397] Lambda...
  Saved: /Users/wesm/code/spicytakes.org/blogs/fowler/posts/2004-09-08-Lambda.md
[278/397] Magellan Meridian Gps...
  Saved: /Users/wesm/code/spicytakes.org/blogs/fowler/posts/2004-09-06-MagellanMeridianGps.md
[279/397] Standard Story Points...
  Saved: /Users/wesm/code/spicytakes.org/blogs/fowler/posts/2004-09-06-StandardStoryPoints.md
[280/397] Is Fixing An Unknown Bug Refactoring...
  Saved: /Users/wesm/code/spicytakes.org/blogs/fowler/posts/2004-09-03-IsFixingAnUnknownBugRefactoring.md
  Index saved (595 posts)
[281/397] Is Optimization Refactoring...
  Saved: /Users/wesm/code/spicytakes.org/blogs/fowler/posts/2004-09-02-IsOptimizationRefactoring.md
[282/397] Definition Of Refactoring...
  Saved: /Users/wesm/code/spicytakes.org/blogs/fowler/posts/2004-09-01-DefinitionOfRefactoring.md
[283/397] Refactoring Boundary...
  Saved: /Users/wesm/code/spicytakes.org/blogs/fowler/posts/2004-09-01-RefactoringBoundary.md
[284/397] Is Declaration Ordering Refactoring...
  Saved: /Users/wesm/code/spicytakes.org/blogs/fowler/posts/2004-09-01-IsDeclarationOrderingRefactoring.md
[285/397] Junit New Instance...
  Saved: /Users/wesm/code/spicytakes.org/blogs/fowler/posts/2004-08-24-JunitNewInstance.md
[286/397] Fine Detail...
  Saved: /Users/wesm/code/spicytakes.org/blogs/fowler/posts/2004-08-22-FineDetail.md
[287/397] Courtesy Implementation...
  Saved: /Users/wesm/code/spicytakes.org/blogs/fowler/posts/2004-08-12-CourtesyImplementation.md
[288/397] Testing Resource Pools...
  Saved: /Users/wesm/code/spicytakes.org/blogs/fowler/posts/2004-08-12-TestingResourcePools.md
[289/397] Open Intellectual Property...
  Saved: /Users/wesm/code/spicytakes.org/blogs/fowler/posts/2004-08-04-OpenIntellectualProperty.md
[290/397] Technical Staff Organization...
  Saved: /Users/wesm/code/spicytakes.org/blogs/fowler/posts/2004-08-04-TechnicalStaffOrganization.md
  Index saved (605 posts)
[291/397] Prefer Functional Staff Organization...
  Saved: /Users/wesm/code/spicytakes.org/blogs/fowler/posts/2004-08-04-PreferFunctionalStaffOrganization.md
[292/397] Belkin Kvm Linux...
  Saved: /Users/wesm/code/spicytakes.org/blogs/fowler/posts/2004-08-04-BelkinKvmLinux.md
[293/397] Functional Staff Organization...
  Saved: /Users/wesm/code/spicytakes.org/blogs/fowler/posts/2004-08-04-FunctionalStaffOrganization.md
[294/397] Assertion Free Testing...
  Saved: /Users/wesm/code/spicytakes.org/blogs/fowler/posts/2004-08-03-AssertionFreeTesting.md
[295/397] Application Database...
  Saved: /Users/wesm/code/spicytakes.org/blogs/fowler/posts/2004-08-03-ApplicationDatabase.md
[296/397] Relational Data Model...
  Saved: /Users/wesm/code/spicytakes.org/blogs/fowler/posts/2004-08-03-RelationalDataModel.md
[297/397] NetworkDataModel...
  Saved: /Users/wesm/code/spicytakes.org/blogs/fowler/posts/2004-08-03-NetworkDataModel.md
[298/397] Hierarchic Data Model...
  Saved: /Users/wesm/code/spicytakes.org/blogs/fowler/posts/2004-08-03-HierarchicDataModel.md
[299/397] Wardish...
  Saved: /Users/wesm/code/spicytakes.org/blogs/fowler/posts/2004-08-03-Wardish.md
[300/397] Knoppix...
  Saved: /Users/wesm/code/spicytakes.org/blogs/fowler/posts/2004-08-03-Knoppix.md
  Index saved (615 posts)
[301/397] Onsite Customer...
  Saved: /Users/wesm/code/spicytakes.org/blogs/fowler/posts/2004-08-03-OnsiteCustomer.md
[302/397] Extreme

Programming...
  Saved: /Users/wesm/code/spicytakes.org/blogs/fowler/posts/2004-08-03-newMethodology.html#xp.md
[303/397] Multiple Desktops...
  Saved: /Users/wesm/code/spicytakes.org/blogs/fowler/posts/2004-08-03-MultipleDesktops.md
[304/397] Use Case...
  Saved: /Users/wesm/code/spicytakes.org/blogs/fowler/posts/2004-08-03-UseCase.md
[305/397] Intelli Csharp...
  Saved: /Users/wesm/code/spicytakes.org/blogs/fowler/posts/2004-08-03-IntelliCsharp.md
[306/397] Signature Series Criteria...
  Saved: /Users/wesm/code/spicytakes.org/blogs/fowler/posts/2004-08-03-SignatureSeriesCriteria.md
[307/397] Gang Of Four...
  Saved: /Users/wesm/code/spicytakes.org/blogs/fowler/posts/2004-08-03-GangOfFour.md
[308/397] Encapsulated Collection...
  Saved: /Users/wesm/code/spicytakes.org/blogs/fowler/posts/2004-08-03-EncapsulatedCollection.md
[309/397] Installing Debian...
  Saved: /Users/wesm/code/spicytakes.org/blogs/fowler/posts/2004-08-01-InstallingDebian.md
[310/397] Asset Capture...
  Saved: /Users/wesm/code/spicytakes.org/blogs/fowler/posts/2004-06-29-AssetCapture.md
  Index saved (625 posts)
[311/397] Original Strangler Fig Application...
  Saved: /Users/wesm/code/spicytakes.org/blogs/fowler/posts/2004-06-29-OriginalStranglerFigApplication.md
[312/397] Thrown Estimate...
  Saved: /Users/wesm/code/spicytakes.org/blogs/fowler/posts/2004-06-22-ThrownEstimate.md
[313/397] Uml Sketching Tools...
  Saved: /Users/wesm/code/spicytakes.org/blogs/fowler/posts/2004-06-16-UmlSketchingTools.md
[314/397] UmlAsSketch...
  Saved: /Users/wesm/code/spicytakes.org/blogs/fowler/posts/2004-06-16-UmlAsSketch.md
[315/397] Sunk Cost Driven Architecture...
  Saved: /Users/wesm/code/spicytakes.org/blogs/fowler/posts/2004-06-14-SunkCostDrivenArchitecture.md
[316/397] Agile Handover...
  Saved: /Users/wesm/code/spicytakes.org/blogs/fowler/posts/2004-05-28-AgileHandover.md
[317/397] Database Styles...
  Saved: /Users/wesm/code/spicytakes.org/blogs/fowler/posts/2004-05-24-DatabaseStyles.md
[318/397] ApplicationBoundary...
  Saved: /Users/wesm/code/spicytakes.org/blogs/fowler/posts/2004-05-24-ApplicationBoundary.md
[319/397] Limitations Of General Advice...
  Saved: /Users/wesm/code/spicytakes.org/blogs/fowler/posts/2004-05-12-LimitationsOfGeneralAdvice.md
[320/397] DecoratedCommand...
  Saved: /Users/wesm/code/spicytakes.org/blogs/fowler/posts/2004-05-12-DecoratedCommand.md
  Index saved (635 posts)
[321/397] SoftwareDevelopmentAttitude...
  Saved: /Users/wesm/code/spicytakes.org/blogs/fowler/posts/2004-05-12-SoftwareDevelopmentAttitude.md
[322/397] Question Time Panel...
  Saved: /Users/wesm/code/spicytakes.org/blogs/fowler/posts/2004-05-12-QuestionTimePanel.md
[323/397] Appeal To Authority...
  Saved: /Users/wesm/code/spicytakes.org/blogs/fowler/posts/2004-05-10-AppealToAuthority.md
[324/397] Agile Certification...
  Saved: /Users/wesm/code/spicytakes.org/blogs/fowler/posts/2004-04-30-AgileCertification.md
[325/397] Japan...
  Saved: /Users/wesm/code/spicytakes.org/blogs/fowler/posts/2004-04-27-Japan.md
[326/397] Is Agile For All...
  Saved: /Users/wesm/code/spicytakes.org/blogs/fowler/posts/2004-04-04-IsAgileForAll.md
[327/397] Code Examples...
  Saved: /Users/wesm/code/spicytakes.org/blogs/fowler/posts/2004-03-11-CodeExamples.md
[328/397] Directing Attitude...
  Saved: /Users/wesm/code/spicytakes.org/blogs/fowler/posts/2004-03-08-DirectingAttitude.md
[329/397] EnablingAttitude...
  Saved: /Users/wesm/code/spicytakes.org/blogs/fowler/posts/2004-03-08-EnablingAttitude.md
[330/397] Data Models...
  Saved: /Users/wesm/code/spicytakes.org/blogs/fowler/posts/2004-02-12-DataModels.md
  Index saved (645 posts)
[331/397] Public Csharp Fields...
  Saved: /Users/wesm/code/spicytakes.org/blogs/fowler/posts/2004-02-04-PublicCsharpFields.md
[332/397] Model Driven Architecture...
  Saved: /Users/wesm/code/spicytakes.org/blogs/fowler/posts/2004-02-02-ModelDrivenArchitecture.md
[333/397] Very Low Defect Project...
  Saved: /Users/wesm/code/spicytakes.org/blogs/fowler/posts/2004-01-24-VeryLowDefectProject.md
[334/397] CommandOrientedInterface...
  Saved: /Users/wesm/code/spicytakes.org/blogs/fowler/posts/2004-01-24-CommandOrientedInterface.md
[335/397] Inversion of Control Containers and the Dependency...
  Saved: /Users/wesm/code/spicytakes.org/blogs/fowler/posts/2004-01-23-injection.md
[336/397] Build Language...
  Saved: /Users/wesm/code/spicytakes.org/blogs/fowler/posts/2004-01-17-BuildLanguage.md
[337/397] Database And Build Time...
  Saved: /Users/wesm/code/spicytakes.org/blogs/fowler/posts/2004-01-15-DatabaseAndBuildTime.md
[338/397] People Oriented...
  Saved: /Users/wesm/code/spicytakes.org/blogs/fowler/posts/2004-01-12-PeopleOriented.md
[339/397] Use Of Xml...
  Saved: /Users/wesm/code/spicytakes.org/blogs/fowler/posts/2004-01-03-UseOfXml.md
[340/397] Refactoring Malapropism...
  Saved: /Users/wesm/code/spicytakes.org/blogs/fowler/posts/2004-01-03-RefactoringMalapropism.md
  Index saved (655 posts)
[341/397] Objects And Iteration...
  Saved: /Users/wesm/code/spicytakes.org/blogs/fowler/posts/2004-01-01-ObjectsAndIteration.md
[342/397] Once Upona Time In The West...
  Saved: /Users/wesm/code/spicytakes.org/blogs/fowler/posts/2003-12-26-OnceUponaTimeInTheWest.md
[343/397] Derived Information...
  Saved: /Users/wesm/code/spicytakes.org/blogs/fowler/posts/2003-12-25-DerivedInformation.md
[344/397] Keyring Laptop...
  Saved: /Users/wesm/code/spicytakes.org/blogs/fowler/posts/2003-12-24-KeyringLaptop.md
[345/397] P O J O...
  Saved: /Users/wesm/code/spicytakes.org/blogs/fowler/posts/2003-12-08-POJO.md
[346/397] Sticky Timeline...
  Saved: /Users/wesm/code/spicytakes.org/blogs/fowler/posts/2003-12-02-StickyTimeline.md
[347/397] Provide Service Stub...
  Saved: /Users/wesm/code/spicytakes.org/blogs/fowler/posts/2003-12-02-ProvideServiceStub.md
[348/397] Testing Language...
  Saved: /Users/wesm/code/spicytakes.org/blogs/fowler/posts/2003-12-02-TestingLanguage.md
[349/397] Anemic Domain Model...
  Saved: /Users/wesm/code/spicytakes.org/blogs/fowler/posts/2003-11-25-AnemicDomainModel.md
[350/397] History Of Iterative Development...
  Saved: /Users/wesm/code/spicytakes.org/blogs/fowler/posts/2003-11-06-HistoryOfIterativeDevelopment.md
  Index saved (665 posts)
[351/397] recent article by Craig Larman and
	Vic Basili in ...
  Error fetching http://www2.umassd.edu/SWPI/xp/articles/r6047.pdf: HTTPConnectionPool(host='www2.umassd.edu', port=80): Max retries exceeded with url: /SWPI/xp/articles/r6047.pdf (Caused by NameResolutionError("<urllib3.connection.HTTPConnection object at 0x119cfc3b0>: Failed to resolve 'www2.umassd.edu' ([Errno 8] nodename nor servname provided, or not known)"))
[352/397] Unwanted Modeling Language...
  Saved: /Users/wesm/code/spicytakes.org/blogs/fowler/posts/2003-11-03-UnwantedModelingLanguage.md
[353/397] UmlMode...
  Saved: /Users/wesm/code/spicytakes.org/blogs/fowler/posts/2003-11-03-UmlMode.md
[354/397] C- Refactory...
  Saved: /Users/wesm/code/spicytakes.org/blogs/fowler/posts/2003-10-18-C-Refactory.md
[355/397] Presentation Domain Separation...
  Saved: /Users/wesm/code/spicytakes.org/blogs/fowler/posts/2003-10-09-PresentationDomainSeparation.md
[356/397] Enterprise Architecture...
  Saved: /Users/wesm/code/spicytakes.org/blogs/fowler/posts/2003-10-09-EnterpriseArchitecture.md
[357/397] Local Variables In Class Diagrams...
  Saved: /Users/wesm/code/spicytakes.org/blogs/fowler/posts/2003-10-06-LocalVariablesInClassDiagrams.md
[358/397] Principles of XP...
  Saved: /Users/wesm/code/spicytakes.org/blogs/fowler/posts/2003-10-04-PrinciplesOfXP.md
[359/397] Moving Away From Xslt...
  Saved: /Users/wesm/code/spicytakes.org/blogs/fowler/posts/2003-09-20-MovingAwayFromXslt.md
[360/397] a whole book
  that way...
  Saved: /Users/wesm/code/spicytakes.org/blogs/fowler/posts/2003-09-20-writingInXml.md
  Index saved (674 posts)
[361/397] Dependency And Association...
  Saved: /Users/wesm/code/spicytakes.org/blogs/fowler/posts/2003-09-17-DependencyAndAssociation.md
[362/397] Platform Independent Malapropism...
  Saved: /Users/wesm/code/spicytakes.org/blogs/fowler/posts/2003-09-12-PlatformIndependentMalapropism.md
[363/397] Seedwork...
  Saved: /Users/wesm/code/spicytakes.org/blogs/fowler/posts/2003-09-11-Seedwork.md
[364/397] Etymology Of Refactoring...
  Saved: /Users/wesm/code/spicytakes.org/blogs/fowler/posts/2003-09-10-EtymologyOfRefactoring.md
[365/397] Currency As Value...
  Saved: /Users/wesm/code/spicytakes.org/blogs/fowler/posts/2003-08-26-CurrencyAsValue.md
[366/397] Use Cases And Stories...
  Saved: /Users/wesm/code/spicytakes.org/blogs/fowler/posts/2003-08-18-UseCasesAndStories.md
[367/397] Pleasing The Customer...
  Saved: /Users/wesm/code/spicytakes.org/blogs/fowler/posts/2003-08-15-PleasingTheCustomer.md
[368/397] Building Architect...
  Saved: /Users/wesm/code/spicytakes.org/blogs/fowler/posts/2003-08-14-BuildingArchitect.md
[369/397] Multiplicity Not Cardinality...
  Saved: /Users/wesm/code/spicytakes.org/blogs/fowler/posts/2003-08-12-MultiplicityNotCardinality.md
[370/397] Fixed Length String...
  Saved: /Users/wesm/code/spicytakes.org/blogs/fowler/posts/2003-08-11-FixedLengthString.md
  Index saved (684 posts)
[371/397] Patterns Are Nothing New...
  Saved: /Users/wesm/code/spicytakes.org/blogs/fowler/posts/2003-07-31-PatternsAreNothingNew.md
[372/397] Singing Detective...
  Saved: /Users/wesm/code/spicytakes.org/blogs/fowler/posts/2003-07-30-SingingDetective.md
[373/397] Multiple Canonical Models...
  Saved: /Users/wesm/code/spicytakes.org/blogs/fowler/posts/2003-07-21-MultipleCanonicalModels.md
[374/397] History Is Not Bunk...
  Saved: /Users/wesm/code/spicytakes.org/blogs/fowler/posts/2003-07-15-HistoryIsNotBunk.md
[375/397] Swebok...
  Saved: /Users/wesm/code/spicytakes.org/blogs/fowler/posts/2003-06-24-Swebok.md
[376/397] Agiledox...
  Saved: /Users/wesm/code/spicytakes.org/blogs/fowler/posts/2003-06-23-Agiledox.md
[377/397] Typed Collection...
  Saved: /Users/wesm/code/spicytakes.org/blogs/fowler/posts/2003-06-17-TypedCollection.md
[378/397] Security And Design...
  Saved: /Users/wesm/code/spicytakes.org/blogs/fowler/posts/2003-06-14-SecurityAndDesign.md
[379/397] Making Stubs...
  Saved: /Users/wesm/code/spicytakes.org/blogs/fowler/posts/2003-06-10-MakingStubs.md
[380/397] Uml2...
  Saved: /Users/wesm/code/spicytakes.org/blogs/fowler/posts/2003-06-08-Uml2.md
  Index saved (694 posts)
[381/397] Include And Extend...
  Saved: /Users/wesm/code/spicytakes.org/blogs/fowler/posts/2003-06-05-IncludeAndExtend.md
[382/397] Harvested Platform...
  Saved: /Users/wesm/code/spicytakes.org/blogs/fowler/posts/2003-06-03-HarvestedPlatform.md
[383/397] Foundation Platform...
  Saved: /Users/wesm/code/spicytakes.org/blogs/fowler/posts/2003-06-03-FoundationPlatform.md
[384/397] Refactoring Cringely...
  Saved: /Users/wesm/code/spicytakes.org/blogs/fowler/posts/2003-06-03-RefactoringCringely.md
[385/397] Uml As Programming Language...
  Saved: /Users/wesm/code/spicytakes.org/blogs/fowler/posts/2003-05-28-UmlAsProgrammingLanguage.md
[386/397] Uml As Blueprint...
  Saved: /Users/wesm/code/spicytakes.org/blogs/fowler/posts/2003-05-28-UmlAsBlueprint.md
[387/397] What Isa Bliki...
  Saved: /Users/wesm/code/spicytakes.org/blogs/fowler/posts/2003-05-26-WhatIsaBliki.md
[388/397] Language For Learning Objects...
  Saved: /Users/wesm/code/spicytakes.org/blogs/fowler/posts/2003-05-23-LanguageForLearningObjects.md
[389/397] Platform Building...
  Saved: /Users/wesm/code/spicytakes.org/blogs/fowler/posts/2003-05-18-PlatformBuilding.md
[390/397] Aggregation And Composition...
  Saved: /Users/wesm/code/spicytakes.org/blogs/fowler/posts/2003-05-17-AggregationAndComposition.md
  Index saved (704 posts)
[391/397] What Is Failure...
  Saved: /Users/wesm/code/spicytakes.org/blogs/fowler/posts/2003-05-15-WhatIsFailure.md
[392/397] Protected Data...
  Saved: /Users/wesm/code/spicytakes.org/blogs/fowler/posts/2003-05-14-ProtectedData.md
[393/397] Access Modifier...
  Saved: /Users/wesm/code/spicytakes.org/blogs/fowler/posts/2003-05-13-AccessModifier.md
[394/397] Collections On Class Diagrams...
  Saved: /Users/wesm/code/spicytakes.org/blogs/fowler/posts/2003-05-12-CollectionsOnClassDiagrams.md
[395/397] Large Agile Projects...
  Saved: /Users/wesm/code/spicytakes.org/blogs/fowler/posts/2003-05-10-LargeAgileProjects.md
[396/397] Canadian Workshop on Scaling XP/Agile Methods...
  Saved: /Users/wesm/code/spicytakes.org/blogs/fowler/posts/2003-01-01-canScaling.md
[397/397] Domain Logic and SQL...
  Saved: /Users/wesm/code/spicytakes.org/blogs/fowler/posts/2003-01-01-dblogic.md

Done! Processed 711 posts.
